[0614/111329.040:INFO:CONSOLE(0)] "Error with Permissions-Policy header: Feature xr-spatial-tracking's parameters are ignored.", source:  (0)
[0614/111329.040:INFO:CONSOLE(0)] "Error with Permissions-Policy header: Origin trial controlled feature not enabled: 'attribution-reporting'.", source:  (0)
[0614/111329.040:INFO:CONSOLE(0)] "Error with Permissions-Policy header: Unrecognized feature: 'compute-pressure'.", source:  (0)
[0614/111329.040:INFO:CONSOLE(0)] "Error with Permissions-Policy header: Origin trial controlled feature not enabled: 'interest-cohort'.", source:  (0)
[0614/111329.040:INFO:CONSOLE(0)] "Error with Permissions-Policy header: Unrecognized feature: 'private-state-token-issuance'.", source:  (0)
[0614/111329.040:INFO:CONSOLE(0)] "Error with Permissions-Policy header: Origin trial controlled feature not enabled: 'shared-storage'.", source:  (0)
[0614/111329.040:INFO:CONSOLE(0)] "Error with Permissions-Policy header: Unrecognized feature: 'shared-storage-select-url'.", source:  (0)
[0614/111329.040:INFO:CONSOLE(0)] "Error with Permissions-Policy header: Unrecognized feature: 'private-state-token-redemption'.", source:  (0)
[0614/111329.040:INFO:CONSOLE(0)] "Error with Permissions-Policy header: Unrecognized feature: 'unload'.", source:  (0)
[0614/111329.040:INFO:CONSOLE(0)] "Error with Permissions-Policy header: Unrecognized feature: 'window-management'.", source:  (0)
[0614/111329.040:INFO:CONSOLE(0)] "Document-Policy HTTP header: Unrecognized document policy feature name include-js-call-stacks-in-crash-reports.", source: https://web.whatsapp.com/ (0)
[0614/111331.456:INFO:CONSOLE(163)] "Event handler of 'x-storagemutated-1' event must be added on the initial evaluation of worker script.", source: https://static.whatsapp.net/rsrc.php/v4/yt/r/Ey5QIp1RjTx.js (163)
[0614/111333.826:INFO:CONSOLE(4)] "Uncaught (in promise) Error: qrcode.generate is not a function", source: https://web.whatsapp.com/ (4)
[0614/111337.776:ERROR:cache_util_win.cc(20)] Unable to move the cache: Acesso negado. (0x5)
[0614/111337.776:ERROR:cache_util_win.cc(20)] Unable to move the cache: Acesso negado. (0x5)
[0614/111337.777:ERROR:disk_cache.cc(205)] Unable to create cache
[0614/111337.777:ERROR:gpu_disk_cache.cc(673)] Gpu Cache Creation failed: -2
[0614/111337.777:ERROR:disk_cache.cc(205)] Unable to create cache
[0614/111337.777:ERROR:gpu_disk_cache.cc(673)] Gpu Cache Creation failed: -2
[0614/111339.766:ERROR:cache_util_win.cc(20)] Unable to move the cache: Acesso negado. (0x5)
[0614/111339.766:ERROR:disk_cache.cc(205)] Unable to create cache
[0614/111339.956:ERROR:cache_util_win.cc(20)] Unable to move the cache: Acesso negado. (0x5)
[0614/111339.956:ERROR:cache_util_win.cc(20)] Unable to move the cache: Acesso negado. (0x5)
[0614/111339.956:ERROR:disk_cache.cc(205)] Unable to create cache
[0614/111339.956:ERROR:gpu_disk_cache.cc(673)] Gpu Cache Creation failed: -2
[0614/111339.956:ERROR:disk_cache.cc(205)] Unable to create cache
[0614/111339.956:ERROR:gpu_disk_cache.cc(673)] Gpu Cache Creation failed: -2
[0614/111340.026:INFO:CONSOLE(0)] "Error with Permissions-Policy header: Feature xr-spatial-tracking's parameters are ignored.", source:  (0)
[0614/111340.026:INFO:CONSOLE(0)] "Error with Permissions-Policy header: Origin trial controlled feature not enabled: 'attribution-reporting'.", source:  (0)
[0614/111340.026:INFO:CONSOLE(0)] "Error with Permissions-Policy header: Unrecognized feature: 'compute-pressure'.", source:  (0)
[0614/111340.026:INFO:CONSOLE(0)] "Error with Permissions-Policy header: Origin trial controlled feature not enabled: 'interest-cohort'.", source:  (0)
[0614/111340.026:INFO:CONSOLE(0)] "Error with Permissions-Policy header: Unrecognized feature: 'private-state-token-issuance'.", source:  (0)
[0614/111340.026:INFO:CONSOLE(0)] "Error with Permissions-Policy header: Origin trial controlled feature not enabled: 'shared-storage'.", source:  (0)
[0614/111340.026:INFO:CONSOLE(0)] "Error with Permissions-Policy header: Unrecognized feature: 'shared-storage-select-url'.", source:  (0)
[0614/111340.026:INFO:CONSOLE(0)] "Error with Permissions-Policy header: Unrecognized feature: 'private-state-token-redemption'.", source:  (0)
[0614/111340.026:INFO:CONSOLE(0)] "Error with Permissions-Policy header: Unrecognized feature: 'unload'.", source:  (0)
[0614/111340.026:INFO:CONSOLE(0)] "Error with Permissions-Policy header: Unrecognized feature: 'window-management'.", source:  (0)
[0614/111340.026:INFO:CONSOLE(0)] "Document-Policy HTTP header: Unrecognized document policy feature name include-js-call-stacks-in-crash-reports.", source: https://web.whatsapp.com/ (0)
[0614/111340.762:ERROR:service_worker_storage.cc(1933)] Failed to delete the database: Database IO error
[0614/111345.364:ERROR:quota_database.cc(929)] Could not open the quota database, resetting.
[0614/111349.221:ERROR:quota_database.cc(929)] Could not open the quota database, resetting.
[0614/111351.987:ERROR:quota_database.cc(931)] Failed to reset the quota database.
[0614/111351.987:ERROR:quota_database.cc(931)] Failed to reset the quota database.
